app/build/outputs/logs/manifest-merger-debug-report.txt
-- Merging decision tree log ---
manifest
ADDED from src\main\AndroidManifest.xml:1:1-48:12
	package
		ADDED from src\main\AndroidManifest.xml:2:3-50
		INJECTED from src\main\AndroidManifest.xml
		INJECTED from src\main\AndroidManifest.xml
	android:versionName
		ADDED from src\main\AndroidManifest.xml:4:3-28
		INJECTED from src\main\AndroidManifest.xml
		INJECTED from src\main\AndroidManifest.xml
	android:versionCode
		ADDED from src\main\AndroidManifest.xml:3:3-26
		INJECTED from src\main\AndroidManifest.xml
		INJECTED from src\main\AndroidManifest.xml
	xmlns:android
		ADDED from src\main\AndroidManifest.xml:1:11-69
uses-sdk
ADDED from src\main\AndroidManifest.xml:6:3-8:37
	android:targetSdkVersion
		ADDED from src\main\AndroidManifest.xml:8:5-34
		INJECTED from src\main\AndroidManifest.xml
		INJECTED from src\main\AndroidManifest.xml
	android:minSdkVersion
		ADDED from src\main\AndroidManifest.xml:7:5-30
		INJECTED from src\main\AndroidManifest.xml
		INJECTED from src\main\AndroidManifest.xml
permission#com.bignerdranch.android.photogallery.PRIVATE
ADDED from src\main\AndroidManifest.xml:10:3-11:43
	android:protectionLevel
		ADDED from src\main\AndroidManifest.xml:11:5-40
	android:name
		ADDED from src\main\AndroidManifest.xml:10:15-75
uses-permission#android.permission.INTERNET
ADDED from src\main\AndroidManifest.xml:13:3-65
	android:name
		ADDED from src\main\AndroidManifest.xml:13:20-62
uses-permission#android.permission.ACCESS_NETWORK_STATE
ADDED from src\main\AndroidManifest.xml:14:3-77
	android:name
		ADDED from src\main\AndroidManifest.xml:14:20-74
uses-permission#android.permission.RECEIVE_BOOT_COMPLETED
ADDED from src\main\AndroidManifest.xml:15:3-79
	android:name
		ADDED from src\main\AndroidManifest.xml:15:20-76
uses-permission#com.bignerdranch.android.photogallery.PRIVATE
ADDED from src\main\AndroidManifest.xml:16:3-83
	android:name
		ADDED from src\main\AndroidManifest.xml:16:20-80
application
ADDED from src\main\AndroidManifest.xml:18:3-46:17
	android:label
		ADDED from src\main\AndroidManifest.xml:20:5-37
	android:icon
		ADDED from src\main\AndroidManifest.xml:19:5-41
	android:theme
		ADDED from src\main\AndroidManifest.xml:21:5-36
activity#com.bignerdranch.android.photogallery.PhotoGalleryActivity
ADDED from src\main\AndroidManifest.xml:22:5-35:16
	android:label
		ADDED from src\main\AndroidManifest.xml:25:7-59
	android:launchMode
		ADDED from src\main\AndroidManifest.xml:24:7-37
	android:name
		ADDED from src\main\AndroidManifest.xml:23:7-43
intent-filter#android.intent.action.MAIN+android.intent.category.LAUNCHER
ADDED from src\main\AndroidManifest.xml:26:7-29:23
action#android.intent.action.MAIN
ADDED from src\main\AndroidManifest.xml:27:9-61
	android:name
		ADDED from src\main\AndroidManifest.xml:27:17-58
category#android.intent.category.LAUNCHER
ADDED from src\main\AndroidManifest.xml:28:9-69
	android:name
		ADDED from src\main\AndroidManifest.xml:28:19-66
intent-filter#android.intent.action.SEARCH
ADDED from src\main\AndroidManifest.xml:30:7-32:23
action#android.intent.action.SEARCH
ADDED from src\main\AndroidManifest.xml:31:9-63
	android:name
		ADDED from src\main\AndroidManifest.xml:31:17-60
meta-data#android.app.searchable
ADDED from src\main\AndroidManifest.xml:33:7-34:45
	android:resource
		ADDED from src\main\AndroidManifest.xml:34:9-43
	android:name
		ADDED from src\main\AndroidManifest.xml:33:18-55
activity#com.bignerdranch.android.photogallery.PhotoPageActivity
ADDED from src\main\AndroidManifest.xml:37:5-39:73
	android:configChanges
		ADDED from src\main\AndroidManifest.xml:39:9-70
	android:name
		ADDED from src\main\AndroidManifest.xml:38:9-42
service#com.bignerdranch.android.photogallery.PollService
ADDED from src\main\AndroidManifest.xml:40:5-44
	android:name
		ADDED from src\main\AndroidManifest.xml:40:14-41
receiver#com.bignerdranch.android.photogallery.StartupReceiver
ADDED from src\main\AndroidManifest.xml:41:5-45:16
	android:name
		ADDED from src\main\AndroidManifest.xml:41:15-46
intent-filter#android.intent.action.BOOT_COMPLETED
ADDED from src\main\AndroidManifest.xml:42:9-44:25
action#android.intent.action.BOOT_COMPLETED
ADDED from src\main\AndroidManifest.xml:43:13-75
	android:name
		ADDED from src\main\AndroidManifest.xml:43:21-72